<?xml version="1.0" encoding="UTF-8"?>
<testng-results ignored="0" total="3" passed="3" failed="0" skipped="0">
  <reporter-output>
  </reporter-output>
  <suite started-at="2022-10-03T09:43:07 IST" name="xxxgfgcfg" finished-at="2022-10-03T09:43:07 IST" duration-ms="38">
    <groups>
    </groups>
    <test started-at="2022-10-03T09:43:07 IST" name="Default test" finished-at="2022-10-03T09:43:07 IST" duration-ms="38">
      <class name="com.test.Check">
        <test-method signature="m1(int)[pri:0, instance:com.test.Check@2bbf180e]" started-at="2022-10-03T09:43:07 IST" name="m1" finished-at="2022-10-03T09:43:07 IST" duration-ms="7" status="PASS">
          <params>
            <param index="0">
              <value>
                <![CDATA[23]]>
              </value>
            </param>
          </params>
          <reporter-output>
          </reporter-output>
        </test-method> <!-- m1 -->
        <test-method signature="m2(int)[pri:0, instance:com.test.Check@2bbf180e]" started-at="2022-10-03T09:43:07 IST" name="m2" finished-at="2022-10-03T09:43:07 IST" duration-ms="1" status="PASS">
          <params>
            <param index="0">
              <value>
                <![CDATA[18]]>
              </value>
            </param>
          </params>
          <reporter-output>
          </reporter-output>
        </test-method> <!-- m2 -->
        <test-method signature="m3(java.lang.String)[pri:0, instance:com.test.Check@2bbf180e]" started-at="2022-10-03T09:43:07 IST" name="m3" finished-at="2022-10-03T09:43:07 IST" duration-ms="0" status="PASS">
          <params>
            <param index="0">
              <value>
                <![CDATA[Monu]]>
              </value>
            </param>
          </params>
          <reporter-output>
          </reporter-output>
        </test-method> <!-- m3 -->
      </class> <!-- com.test.Check -->
    </test> <!-- Default test -->
  </suite> <!-- xxxgfgcfg -->
</testng-results>
