<?xml version="1.0" encoding="UTF-8"?>
<testng-results ignored="0" total="1" passed="1" failed="0" skipped="0">
  <reporter-output>
  </reporter-output>
  <suite started-at="2022-09-22T12:13:00 IST" name="Suite" finished-at="2022-09-22T12:13:01 IST" duration-ms="620">
    <groups>
    </groups>
    <test started-at="2022-09-22T12:13:00 IST" name="Default test" finished-at="2022-09-22T12:13:01 IST" duration-ms="620">
      <class name="TestNgProgram">
        <test-method signature="isSchedulerServletWorking(java.lang.String)[pri:0, instance:TestNgProgram@2f112965]" started-at="2022-09-22T12:13:00 IST" name="isSchedulerServletWorking" finished-at="2022-09-22T12:13:01 IST" duration-ms="592" status="PASS">
          <params>
            <param index="0">
              <value>
                <![CDATA[https://testtri2.triniti.com/scheduler/SchedulerServlet?IsItWorking]]>
              </value>
            </param>
          </params>
          <reporter-output>
          </reporter-output>
        </test-method> <!-- isSchedulerServletWorking -->
      </class> <!-- TestNgProgram -->
    </test> <!-- Default test -->
  </suite> <!-- Suite -->
</testng-results>
