<?xml version="1.0" encoding="UTF-8"?>
<testng-results ignored="0" total="2" passed="2" failed="0" skipped="0">
  <reporter-output>
  </reporter-output>
  <suite started-at="2022-08-22T16:00:56 IST" name="Suuuuu" finished-at="2022-08-22T16:00:56 IST" duration-ms="39">
    <groups>
    </groups>
    <test started-at="2022-08-22T16:00:56 IST" name="Default test" finished-at="2022-08-22T16:00:56 IST" duration-ms="39">
      <class name="com.test.Test1">
        <test-method signature="test()[pri:0, instance:com.test.Test1@4df50bcc]" started-at="2022-08-22T16:00:56 IST" name="test" finished-at="2022-08-22T16:00:56 IST" duration-ms="8" status="PASS">
          <reporter-output>
          </reporter-output>
        </test-method> <!-- test -->
        <test-method signature="test1()[pri:0, instance:com.test.Test1@4df50bcc]" started-at="2022-08-22T16:00:56 IST" name="test1" finished-at="2022-08-22T16:00:56 IST" duration-ms="1" status="PASS">
          <reporter-output>
          </reporter-output>
        </test-method> <!-- test1 -->
      </class> <!-- com.test.Test1 -->
    </test> <!-- Default test -->
  </suite> <!-- Suuuuu -->
</testng-results>
