<?xml version="1.0" encoding="UTF-8"?>
<!-- Generated by org.testng.reporters.JUnitXMLReporter -->
<testsuite ignored="1" hostname="LAPTOP-Q8NDHS5K" failures="1" tests="1" name="Default test(failed)" time="0.038" errors="0" timestamp="2022-08-05T12:24:27 IST">
  <testcase classname="com.test.Test2" name="test" time="0.008">
    <failure type="java.lang.AssertionError" message="expected [vishwajeet] but found [sonu]">
      <![CDATA[java.lang.AssertionError: expected [vishwajeet] but found [sonu]
at com.test.Test2.test(Test2.java:9)
at java.base/java.util.ArrayList.forEach(ArrayList.java:1511)
... Removed 33 stack frames]]>
    </failure>
  </testcase> <!-- test -->
  <testcase classname="com.test.Test2" name="Test01" time="0.0">
    <ignored/>
  </testcase> <!-- Test01 -->
</testsuite> <!-- Default test(failed) -->
